<?xml version="1.0" encoding="UTF-8"?>
<!-- Generated by org.testng.reporters.JUnitXMLReporter -->
<testsuite hostname="DESKTOP-SKKJRMI" ignored="0" name="Test" tests="9" failures="1" timestamp="2020-08-25T02:39:02 IST" time="35.75" errors="0">
  <testcase name="Apidelete" time="0.082" classname="qaclickacademy.Mavenjava.RESTAPITest"/>
  <testcase name="Apitest" time="0.006" classname="qaclickacademy.Mavenjava.RESTAPITest"/>
  <testcase name="mobileAutomation" time="0.006" classname="qaclickacademy.Mavenjava.AppiumTest"/>
  <testcase name="mobiletest" time="0.011" classname="qaclickacademy.Mavenjava.AppiumTest"/>
  <testcase name="BrowserAutomation" time="0.008" classname="qaclickacademy.Mavenjava.SeleniumTest"/>
  <testcase name="elementui" time="0.003" classname="qaclickacademy.Mavenjava.SeleniumTest"/>
  <testcase name="basePageNavigation" time="19.461" classname="qaclickacademy.Mavenjava.HomePage"/>
  <testcase name="basePageNavigation" time="0.147" classname="qaclickacademy.Mavenjava.ValidateTitle">
    <failure type="java.lang.AssertionError" message="expected [FEATURED COURSES12] but found [FEATURED COURSES]">
      <![CDATA[java.lang.AssertionError: expected [FEATURED COURSES12] but found [FEATURED COURSES]
at qaclickacademy.Mavenjava.ValidateTitle.basePageNavigation(ValidateTitle.java:34)
at java.util.ArrayList.forEach(ArrayList.java:1257)
... Removed 32 stack frames]]>
    </failure>
  </testcase> <!-- basePageNavigation -->
  <testcase name="validateHeader" time="0.088" classname="qaclickacademy.Mavenjava.ValidateTitle"/>
</testsuite> <!-- Test -->
